#
# There is insufficient memory for the Java Runtime Environment to continue.
# Native memory allocation (malloc) failed to allocate 534896 bytes for Chunk::new
# Possible reasons:
#   The system is out of physical RAM or swap space
#   In 32 bit mode, the process size limit was hit
# Possible solutions:
#   Reduce memory load on the system
#   Increase physical memory or swap space
#   Check if swap backing store is full
#   Use 64 bit Java on a 64 bit OS
#   Decrease Java heap size (-Xmx/-Xms)
#   Decrease number of Java threads
#   Decrease Java thread stack sizes (-Xss)
#   Set larger code cache with -XX:ReservedCodeCacheSize=
# This output file may be truncated or incomplete.
#
#  Out of Memory Error (allocation.cpp:390), pid=7316, tid=0x0000000000001ba4
#
# JRE version: Java(TM) SE Runtime Environment (8.0_181-b13) (build 1.8.0_181-b13)
# Java VM: Java HotSpot(TM) 64-Bit Server VM (25.181-b13 mixed mode windows-amd64 compressed oops)
# Failed to write core dump. Minidumps are not enabled by default on client versions of Windows
#

---------------  T H R E A D  ---------------

Current thread (0x000000001522c800):  JavaThread "C2 CompilerThread0" daemon [_thread_in_native, id=7076, stack(0x0000000016880000,0x0000000016980000)]

Stack: [0x0000000016880000,0x0000000016980000]
[error occurred during error reporting (printing stack bounds), id 0xc0000005]

Native frames: (J=compiled Java code, j=interpreted, Vv=VM code, C=native code)


Current CompileTask:
C2: 112931 5187   !   4       java.security.SecureClassLoader::getProtectionDomain (114 bytes)


---------------  P R O C E S S  ---------------

Java Threads: ( => current thread )
  0x0000000016bc8000 JavaThread "pool-6-thread-1" [_thread_blocked, id=6152, stack(0x000000001f6f0000,0x000000001f7f0000)]
  0x0000000016bc7800 JavaThread "pool-5-thread-1" [_thread_blocked, id=7216, stack(0x000000001eff0000,0x000000001f0f0000)]
  0x0000000016bc6800 JavaThread "pool-4-thread-1" [_thread_blocked, id=9204, stack(0x000000001f3f0000,0x000000001f4f0000)]
  0x0000000016bc4800 JavaThread "pool-3-thread-1" [_thread_blocked, id=7184, stack(0x000000001eaf0000,0x000000001ebf0000)]
  0x000000001b1ba800 JavaThread "mysql-cj-abandoned-connection-cleanup" daemon [_thread_blocked, id=196, stack(0x000000001e7f0000,0x000000001e8f0000)]
  0x000000001b1bd000 JavaThread "grizzly-http-server-7" [_thread_blocked, id=9112, stack(0x000000001dcf0000,0x000000001ddf0000)]
  0x000000001b1bb800 JavaThread "grizzly-http-server-6" [_thread_blocked, id=7196, stack(0x000000001dbf0000,0x000000001dcf0000)]
  0x000000001b1ba000 JavaThread "grizzly-http-server-5" [_thread_blocked, id=4748, stack(0x000000001daf0000,0x000000001dbf0000)]
  0x000000001b1bc000 JavaThread "grizzly-http-server-4" [_thread_blocked, id=9160, stack(0x000000001d9f0000,0x000000001daf0000)]
  0x000000001820e000 JavaThread "grizzly-http-server-3" [_thread_blocked, id=5756, stack(0x000000001d8f0000,0x000000001d9f0000)]
  0x0000000017bd6800 JavaThread "grizzly-http-server-2" [_thread_blocked, id=4844, stack(0x000000001d7f0000,0x000000001d8f0000)]
  0x000000001a27a000 JavaThread "grizzly-http-server-1" [_thread_blocked, id=8780, stack(0x000000001d6f0000,0x000000001d7f0000)]
  0x0000000018407000 JavaThread "grizzly-http-server-0" [_thread_blocked, id=3004, stack(0x000000001d5f0000,0x000000001d6f0000)]
  0x000000001a4af800 JavaThread "grizzly-nio-kernel(5) SelectorRunner" daemon [_thread_in_native, id=8768, stack(0x000000001d4f0000,0x000000001d5f0000)]
  0x000000001a2dc800 JavaThread "grizzly-nio-kernel(4) SelectorRunner" daemon [_thread_in_native, id=8264, stack(0x000000001d3f0000,0x000000001d4f0000)]
  0x000000001a11d800 JavaThread "grizzly-nio-kernel(3) SelectorRunner" daemon [_thread_in_native, id=6972, stack(0x000000001d2f0000,0x000000001d3f0000)]
  0x000000001afe2000 JavaThread "grizzly-nio-kernel(2) SelectorRunner" daemon [_thread_in_native, id=340, stack(0x000000001d1f0000,0x000000001d2f0000)]
  0x00000000175aa800 JavaThread "grizzly-nio-kernel(1) SelectorRunner" daemon [_thread_in_native, id=7172, stack(0x000000001d0f0000,0x000000001d1f0000)]
  0x0000000019d55800 JavaThread "HttpServer-0" daemon [_thread_blocked, id=6876, stack(0x000000001cc50000,0x000000001cd50000)]
  0x0000000017dd3800 JavaThread "com.example.Main.main()" [_thread_in_native, id=6812, stack(0x00000000197e0000,0x00000000198e0000)]
  0x0000000016bb1000 JavaThread "Service Thread" daemon [_thread_blocked, id=5408, stack(0x0000000016f80000,0x0000000017080000)]
  0x0000000015236800 JavaThread "C1 CompilerThread2" daemon [_thread_blocked, id=3332, stack(0x0000000016a80000,0x0000000016b80000)]
  0x0000000015230800 JavaThread "C2 CompilerThread1" daemon [_thread_in_native, id=5544, stack(0x0000000016980000,0x0000000016a80000)]
=>0x000000001522c800 JavaThread "C2 CompilerThread0" daemon [_thread_in_native, id=7076, stack(0x0000000016880000,0x0000000016980000)]
  0x000000001523c800 JavaThread "Attach Listener" daemon [_thread_blocked, id=4800, stack(0x0000000016780000,0x0000000016880000)]
  0x000000001523b000 JavaThread "Signal Dispatcher" daemon [_thread_blocked, id=8832, stack(0x0000000016680000,0x0000000016780000)]
  0x0000000002b6d800 JavaThread "Finalizer" daemon [_thread_blocked, id=3336, stack(0x0000000016490000,0x0000000016590000)]
  0x0000000002b63000 JavaThread "Reference Handler" daemon [_thread_blocked, id=4816, stack(0x0000000016390000,0x0000000016490000)]
  0x0000000002a72800 JavaThread "main" [_thread_blocked, id=5392, stack(0x0000000002950000,0x0000000002a50000)]

Other Threads:
  0x00000000151f7800 VMThread [stack: 0x0000000016290000,0x0000000016390000] [id=7436]
  0x0000000016bd4800 WatcherThread [stack: 0x0000000017080000,0x0000000017180000] [id=7772]

VM state:not at safepoint (normal execution)

VM Mutex/Monitor currently owned by a thread: None

Heap:
 PSYoungGen      total 126976K, used 6340K [0x00000000eb300000, 0x00000000f5c80000, 0x0000000100000000)
  eden space 124928K, 3% used [0x00000000eb300000,0x00000000eb7392c0,0x00000000f2d00000)
  from space 2048K, 98% used [0x00000000f3900000,0x00000000f3af8080,0x00000000f3b00000)
  to   space 12288K, 0% used [0x00000000f2d00000,0x00000000f2d00000,0x00000000f3900000)
 ParOldGen       total 57856K, used 28807K [0x00000000c1800000, 0x00000000c5080000, 0x00000000eb300000)
  object space 57856K, 49% used [0x00000000c1800000,0x00000000c3421ca0,0x00000000c5080000)
 Metaspace       used 47037K, capacity 48338K, committed 48640K, reserved 1091584K
  class space    used 6036K, capacity 6381K, committed 6400K, reserved 1048576K

Card table byte_map: [0x0000000012000000,0x0000000012200000] byte_map_base: 0x00000000119f4000

Marking Bits: (ParMarkBitMap*) 0x0000000069ae2d00
 Begin Bits: [0x0000000012750000, 0x00000000136f0000)
 End Bits:   [0x00000000136f0000, 0x0000000014690000)

Polling page: 0x0000000000e90000

CodeCache: size=245760Kb used=13601Kb max_used=13615Kb free=232158Kb
 bounds [0x0000000002c40000, 0x00000000039a0000, 0x0000000011c40000]
 total_blobs=5150 nmethods=4600 adapters=462
 compilation: enabled

Compilation events (10 events):
Event: 111.182 Thread 0x000000001522c800 nmethod 5185 0x00000000033bf910 code [0x00000000033bfa40, 0x00000000033bfad8]
Event: 111.183 Thread 0x000000001522c800 5187   !   4       java.security.SecureClassLoader::getProtectionDomain (114 bytes)
Event: 111.184 Thread 0x0000000015236800 5188       1       com.mysql.cj.protocol.AbstractProtocol::getPropertySet (5 bytes)
Event: 111.185 Thread 0x0000000015236800 nmethod 5188 0x000000000399a550 code [0x000000000399a6a0, 0x000000000399a7b0]
Event: 111.198 Thread 0x0000000015236800 5189       1       org.glassfish.grizzly.filterchain.FilterChainContext::getOperation (5 bytes)
Event: 111.198 Thread 0x0000000015236800 nmethod 5189 0x000000000399a290 code [0x000000000399a3e0, 0x000000000399a4f0]
Event: 111.200 Thread 0x0000000015236800 5190       1       org.glassfish.grizzly.filterchain.FilterChainContext::getFilterIdx (5 bytes)
Event: 111.200 Thread 0x0000000015236800 nmethod 5190 0x0000000003999fd0 code [0x000000000399a120, 0x000000000399a230]
Event: 111.215 Thread 0x0000000015230800 nmethod 5182 0x000000000399cb10 code [0x000000000399cd00, 0x000000000399d8e0]
Event: 111.215 Thread 0x0000000015230800 5186       4       java.security.SecureClassLoader::defineClass (16 bytes)

GC Heap History (10 events):
Event: 8.138 GC heap before
{Heap before GC invocations=8 (full 1):
 PSYoungGen      total 72704K, used 6687K [0x00000000eb300000, 0x00000000f4200000, 0x0000000100000000)
  eden space 65536K, 0% used [0x00000000eb300000,0x00000000eb300000,0x00000000ef300000)
  from space 7168K, 93% used [0x00000000ef300000,0x00000000ef987e78,0x00000000efa00000)
  to   space 7680K, 0% used [0x00000000f3a80000,0x00000000f3a80000,0x00000000f4200000)
 ParOldGen       total 44032K, used 11396K [0x00000000c1800000, 0x00000000c4300000, 0x00000000eb300000)
  object space 44032K, 25% used [0x00000000c1800000,0x00000000c2321108,0x00000000c4300000)
 Metaspace       used 20505K, capacity 21172K, committed 21248K, reserved 1067008K
  class space    used 2537K, capacity 2758K, committed 2816K, reserved 1048576K
Event: 8.297 GC heap after
Heap after GC invocations=8 (full 1):
 PSYoungGen      total 72704K, used 0K [0x00000000eb300000, 0x00000000f4200000, 0x0000000100000000)
  eden space 65536K, 0% used [0x00000000eb300000,0x00000000eb300000,0x00000000ef300000)
  from space 7168K, 0% used [0x00000000ef300000,0x00000000ef300000,0x00000000efa00000)
  to   space 7680K, 0% used [0x00000000f3a80000,0x00000000f3a80000,0x00000000f4200000)
 ParOldGen       total 39424K, used 10112K [0x00000000c1800000, 0x00000000c3e80000, 0x00000000eb300000)
  object space 39424K, 25% used [0x00000000c1800000,0x00000000c21e0270,0x00000000c3e80000)
 Metaspace       used 20505K, capacity 21172K, committed 21248K, reserved 1067008K
  class space    used 2537K, capacity 2758K, committed 2816K, reserved 1048576K
}
Event: 20.891 GC heap before
{Heap before GC invocations=9 (full 1):
 PSYoungGen      total 72704K, used 65513K [0x00000000eb300000, 0x00000000f4200000, 0x0000000100000000)
  eden space 65536K, 99% used [0x00000000eb300000,0x00000000ef2fa420,0x00000000ef300000)
  from space 7168K, 0% used [0x00000000ef300000,0x00000000ef300000,0x00000000efa00000)
  to   space 7680K, 0% used [0x00000000f3a80000,0x00000000f3a80000,0x00000000f4200000)
 ParOldGen       total 39424K, used 10112K [0x00000000c1800000, 0x00000000c3e80000, 0x00000000eb300000)
  object space 39424K, 25% used [0x00000000c1800000,0x00000000c21e0270,0x00000000c3e80000)
 Metaspace       used 26332K, capacity 27338K, committed 27776K, reserved 1073152K
  class space    used 3318K, capacity 3589K, committed 3712K, reserved 1048576K
Event: 20.922 GC heap after
Heap after GC invocations=9 (full 1):
 PSYoungGen      total 102912K, used 6765K [0x00000000eb300000, 0x00000000f4180000, 0x0000000100000000)
  eden space 95744K, 0% used [0x00000000eb300000,0x00000000eb300000,0x00000000f1080000)
  from space 7168K, 94% used [0x00000000f3a80000,0x00000000f411b530,0x00000000f4180000)
  to   space 8192K, 0% used [0x00000000f3180000,0x00000000f3180000,0x00000000f3980000)
 ParOldGen       total 39424K, used 10120K [0x00000000c1800000, 0x00000000c3e80000, 0x00000000eb300000)
  object space 39424K, 25% used [0x00000000c1800000,0x00000000c21e2270,0x00000000c3e80000)
 Metaspace       used 26332K, capacity 27338K, committed 27776K, reserved 1073152K
  class space    used 3318K, capacity 3589K, committed 3712K, reserved 1048576K
}
Event: 34.760 GC heap before
{Heap before GC invocations=10 (full 1):
 PSYoungGen      total 102912K, used 42232K [0x00000000eb300000, 0x00000000f4180000, 0x0000000100000000)
  eden space 95744K, 37% used [0x00000000eb300000,0x00000000ed5a2ba8,0x00000000f1080000)
  from space 7168K, 94% used [0x00000000f3a80000,0x00000000f411b530,0x00000000f4180000)
  to   space 8192K, 0% used [0x00000000f3180000,0x00000000f3180000,0x00000000f3980000)
 ParOldGen       total 39424K, used 10120K [0x00000000c1800000, 0x00000000c3e80000, 0x00000000eb300000)
  object space 39424K, 25% used [0x00000000c1800000,0x00000000c21e2270,0x00000000c3e80000)
 Metaspace       used 34173K, capacity 35200K, committed 35416K, reserved 1079296K
  class space    used 4381K, capacity 4644K, committed 4736K, reserved 1048576K
Event: 34.804 GC heap after
Heap after GC invocations=10 (full 1):
 PSYoungGen      total 126976K, used 7630K [0x00000000eb300000, 0x00000000f3b00000, 0x0000000100000000)
  eden space 119296K, 0% used [0x00000000eb300000,0x00000000eb300000,0x00000000f2780000)
  from space 7680K, 99% used [0x00000000f3180000,0x00000000f38f3a28,0x00000000f3900000)
  to   space 2048K, 0% used [0x00000000f3900000,0x00000000f3900000,0x00000000f3b00000)
 ParOldGen       total 39424K, used 10192K [0x00000000c1800000, 0x00000000c3e80000, 0x00000000eb300000)
  object space 39424K, 25% used [0x00000000c1800000,0x00000000c21f4280,0x00000000c3e80000)
 Metaspace       used 34173K, capacity 35200K, committed 35416K, reserved 1079296K
  class space    used 4381K, capacity 4644K, committed 4736K, reserved 1048576K
}
Event: 34.804 GC heap before
{Heap before GC invocations=11 (full 2):
 PSYoungGen      total 126976K, used 7630K [0x00000000eb300000, 0x00000000f3b00000, 0x0000000100000000)
  eden space 119296K, 0% used [0x00000000eb300000,0x00000000eb300000,0x00000000f2780000)
  from space 7680K, 99% used [0x00000000f3180000,0x00000000f38f3a28,0x00000000f3900000)
  to   space 2048K, 0% used [0x00000000f3900000,0x00000000f3900000,0x00000000f3b00000)
 ParOldGen       total 39424K, used 10192K [0x00000000c1800000, 0x00000000c3e80000, 0x00000000eb300000)
  object space 39424K, 25% used [0x00000000c1800000,0x00000000c21f4280,0x00000000c3e80000)
 Metaspace       used 34173K, capacity 35200K, committed 35416K, reserved 1079296K
  class space    used 4381K, capacity 4644K, committed 4736K, reserved 1048576K
Event: 35.033 GC heap after
Heap after GC invocations=11 (full 2):
 PSYoungGen      total 126976K, used 0K [0x00000000eb300000, 0x00000000f3b00000, 0x0000000100000000)
  eden space 119296K, 0% used [0x00000000eb300000,0x00000000eb300000,0x00000000f2780000)
  from space 7680K, 0% used [0x00000000f3180000,0x00000000f3180000,0x00000000f3900000)
  to   space 2048K, 0% used [0x00000000f3900000,0x00000000f3900000,0x00000000f3b00000)
 ParOldGen       total 57856K, used 15263K [0x00000000c1800000, 0x00000000c5080000, 0x00000000eb300000)
  object space 57856K, 26% used [0x00000000c1800000,0x00000000c26e7d30,0x00000000c5080000)
 Metaspace       used 34173K, capacity 35200K, committed 35416K, reserved 1079296K
  class space    used 4381K, capacity 4644K, committed 4736K, reserved 1048576K
}
Event: 110.997 GC heap before
{Heap before GC invocations=12 (full 2):
 PSYoungGen      total 126976K, used 119296K [0x00000000eb300000, 0x00000000f3b00000, 0x0000000100000000)
  eden space 119296K, 100% used [0x00000000eb300000,0x00000000f2780000,0x00000000f2780000)
  from space 7680K, 0% used [0x00000000f3180000,0x00000000f3180000,0x00000000f3900000)
  to   space 2048K, 0% used [0x00000000f3900000,0x00000000f3900000,0x00000000f3b00000)
 ParOldGen       total 57856K, used 15263K [0x00000000c1800000, 0x00000000c5080000, 0x00000000eb300000)
  object space 57856K, 26% used [0x00000000c1800000,0x00000000c26e7d30,0x00000000c5080000)
 Metaspace       used 46994K, capacity 48270K, committed 48640K, reserved 1091584K
  class space    used 6034K, capacity 6379K, committed 6400K, reserved 1048576K
Event: 111.062 GC heap after
Heap after GC invocations=12 (full 2):
 PSYoungGen      total 126976K, used 2016K [0x00000000eb300000, 0x00000000f5c80000, 0x0000000100000000)
  eden space 124928K, 0% used [0x00000000eb300000,0x00000000eb300000,0x00000000f2d00000)
  from space 2048K, 98% used [0x00000000f3900000,0x00000000f3af8080,0x00000000f3b00000)
  to   space 12288K, 0% used [0x00000000f2d00000,0x00000000f2d00000,0x00000000f3900000)
 ParOldGen       total 57856K, used 28807K [0x00000000c1800000, 0x00000000c5080000, 0x00000000eb300000)
  object space 57856K, 49% used [0x00000000c1800000,0x00000000c3421ca0,0x00000000c5080000)
 Metaspace       used 46994K, capacity 48270K, committed 48640K, reserved 1091584K
  class space    used 6034K, capacity 6379K, committed 6400K, reserved 1048576K
}

Deoptimization events (10 events):
Event: 48.731 Thread 0x0000000018407000 Uncommon trap: reason=unstable_if action=reinterpret pc=0x000000000368b9fc method=java.util.regex.Pattern$Curly.match0(Ljava/util/regex/Matcher;IILjava/lang/CharSequence;)Z @ 5
Event: 48.731 Thread 0x0000000018407000 Uncommon trap: reason=unstable_if action=reinterpret pc=0x000000000339cc48 method=java.util.regex.Pattern$Curly.match0(Ljava/util/regex/Matcher;IILjava/lang/CharSequence;)Z @ 5
Event: 49.170 Thread 0x0000000018407000 Uncommon trap: reason=unstable_if action=reinterpret pc=0x000000000302f198 method=java.lang.String.indexOf([CII[CIII)I @ 27
Event: 49.170 Thread 0x0000000018407000 Uncommon trap: reason=unstable_if action=reinterpret pc=0x0000000002e724ac method=java.lang.String.indexOf([CII[CIII)I @ 27
Event: 50.037 Thread 0x0000000018407000 Uncommon trap: reason=class_check action=maybe_recompile pc=0x0000000003560c0c method=java.util.Collections$UnmodifiableCollection.isEmpty()Z @ 4
Event: 50.078 Thread 0x0000000018407000 Uncommon trap: reason=class_check action=maybe_recompile pc=0x0000000003560c0c method=java.util.Collections$UnmodifiableCollection.isEmpty()Z @ 4
Event: 51.718 Thread 0x0000000018407000 Uncommon trap: reason=unstable_if action=reinterpret pc=0x00000000036f27e8 method=sun.reflect.annotation.AnnotationInvocationHandler.invoke(Ljava/lang/Object;Ljava/lang/reflect/Method;[Ljava/lang/Object;)Ljava/lang/Object; @ 19
Event: 51.954 Thread 0x0000000018407000 Uncommon trap: reason=unstable_if action=reinterpret pc=0x0000000002dbb618 method=sun.nio.cs.UTF_8$Encoder.encode([CII[B)I @ 33
Event: 53.560 Thread 0x0000000018407000 Uncommon trap: reason=class_check action=maybe_recompile pc=0x000000000332438c method=java.util.Collections$UnmodifiableMap$UnmodifiableEntrySet$1.hasNext()Z @ 4
Event: 111.197 Thread 0x000000001820e000 Uncommon trap: reason=class_check action=maybe_recompile pc=0x000000000332438c method=java.util.Collections$UnmodifiableMap$UnmodifiableEntrySet$1.hasNext()Z @ 4

Classes redefined (0 events):
No events

Internal exceptions (10 events):
Event: 7.238 Thread 0x0000000017dd3800 Exception <a 'java/lang/NoSuchFieldError': method resolution failed> (0x00000000ecf8a0f8) thrown at [C:\re\workspace\8-2-build-windows-amd64-cygwin\jdk8u181\11358\hotspot\src\share\vm\prims\methodHandles.cpp, line 1167]
Event: 7.242 Thread 0x0000000017dd3800 Exception <a 'java/lang/NoSuchFieldError': method resolution failed> (0x00000000ecf973f8) thrown at [C:\re\workspace\8-2-build-windows-amd64-cygwin\jdk8u181\11358\hotspot\src\share\vm\prims\methodHandles.cpp, line 1167]
Event: 8.643 Thread 0x0000000017dd3800 Exception <a 'java/lang/NoSuchMethodError': java.lang.Object.lambda$and$0(Ljava/util/function/Predicate;Ljava/lang/Object;)Z> (0x00000000ebbe9b70) thrown at [C:\re\workspace\8-2-build-windows-amd64-cygwin\jdk8u181\11358\hotspot\src\share\vm\interpreter\li
Event: 8.784 Thread 0x0000000017dd3800 Exception <a 'java/lang/NoSuchMethodError': java.lang.Object.lambda$comparingInt$7b0bb60$1(Ljava/util/function/ToIntFunction;Ljava/lang/Object;Ljava/lang/Object;)I> (0x00000000ebff06b0) thrown at [C:\re\workspace\8-2-build-windows-amd64-cygwin\jdk8u181\11
Event: 34.361 Thread 0x0000000018407000 Implicit null exception at 0x000000000332aa60 to 0x000000000332aad1
Event: 47.764 Thread 0x0000000018407000 Implicit null exception at 0x000000000330e370 to 0x000000000330e3c1
Event: 50.074 Thread 0x0000000018407000 Exception <a 'java/io/FileNotFoundException'> (0x00000000f0cf81e8) thrown at [C:\re\workspace\8-2-build-windows-amd64-cygwin\jdk8u181\11358\hotspot\src\share\vm\prims\jni.cpp, line 709]
Event: 50.077 Thread 0x0000000018407000 Exception <a 'java/lang/reflect/InvocationTargetException'> (0x00000000f0cfed70) thrown at [C:\re\workspace\8-2-build-windows-amd64-cygwin\jdk8u181\11358\hotspot\src\share\vm\runtime\reflection.cpp, line 1092]
Event: 50.167 Thread 0x0000000018407000 Exception <a 'java/lang/ClassNotFoundException': java/util/package-info> (0x00000000f0e1fba0) thrown at [C:\re\workspace\8-2-build-windows-amd64-cygwin\jdk8u181\11358\hotspot\src\share\vm\classfile\systemDictionary.cpp, line 210]
Event: 51.790 Thread 0x0000000018407000 Exception <a 'java/lang/ClassNotFoundException': java/lang/package-info> (0x00000000f14777b0) thrown at [C:\re\workspace\8-2-build-windows-amd64-cygwin\jdk8u181\11358\hotspot\src\share\vm\classfile\systemDictionary.cpp, line 210]

Events (10 events):
Event: 111.193 Executing VM operation: RevokeBias done
Event: 111.193 Executing VM operation: RevokeBias
Event: 111.193 Executing VM operation: RevokeBias done
Event: 111.194 Executing VM operation: RevokeBias
Event: 111.194 Executing VM operation: RevokeBias done
Event: 111.195 Executing VM operation: RevokeBias
Event: 111.195 Executing VM operation: RevokeBias done
Event: 111.197 Thread 0x000000001820e000 Uncommon trap: trap_request=0xffffffde fr.pc=0x000000000332438c
Event: 111.197 Thread 0x000000001820e000 DEOPT PACKING pc=0x000000000332438c sp=0x000000001d9ee490
Event: 111.197 Thread 0x000000001820e000 DEOPT UNPACKING pc=0x0000000002c8583b sp=0x000000001d9ee428 mode 2


Dynamic libraries:
0x00007ff63fbc0000 - 0x00007ff63fbf7000 	C:\Program Files\Java\jdk1.8.0_181\bin\java.exe
0x00007ffa032e0000 - 0x00007ffa0348d000 	C:\Windows\SYSTEM32\ntdll.dll
0x00007ffa016f0000 - 0x00007ffa0182f000 	C:\Windows\system32\KERNEL32.DLL
0x00007ffa00850000 - 0x00007ffa00966000 	C:\Windows\system32\KERNELBASE.dll
0x00007ff9fefd0000 - 0x00007ff9ff05e000 	C:\Windows\system32\apphelp.dll
0x00007ff9f1c10000 - 0x00007ff9f1c65000 	C:\Windows\AppPatch\AppPatch64\AcGenral.DLL
0x00007ffa014f0000 - 0x00007ffa0159a000 	C:\Windows\system32\msvcrt.dll
0x00007ffa00640000 - 0x00007ffa0066e000 	C:\Windows\system32\SspiCli.dll
0x00007ffa01d50000 - 0x00007ffa01da4000 	C:\Windows\system32\SHLWAPI.dll
0x00007ffa00e70000 - 0x00007ffa00fe7000 	C:\Windows\system32\USER32.dll
0x00007ffa01350000 - 0x00007ffa014e4000 	C:\Windows\system32\ole32.dll
0x00007ffa01db0000 - 0x00007ffa032db000 	C:\Windows\system32\SHELL32.dll
0x00007ff9ff9d0000 - 0x00007ff9ff9f1000 	C:\Windows\SYSTEM32\USERENV.dll
0x00007ffa018e0000 - 0x00007ffa0198a000 	C:\Windows\system32\ADVAPI32.dll
0x00007ff9f8cf0000 - 0x00007ff9f8d0e000 	C:\Windows\SYSTEM32\MPR.dll
0x00007ffa015b0000 - 0x00007ffa016f0000 	C:\Windows\system32\RPCRT4.dll
0x00007ffa01cf0000 - 0x00007ffa01d49000 	C:\Windows\SYSTEM32\sechost.dll
0x00007ffa01a50000 - 0x00007ffa01c60000 	C:\Windows\SYSTEM32\combase.dll
0x00007ffa00b30000 - 0x00007ffa00c7c000 	C:\Windows\system32\GDI32.dll
0x00007ffa00410000 - 0x00007ffa00425000 	C:\Windows\SYSTEM32\profapi.dll
0x00007ff9fe5c0000 - 0x00007ff9fe672000 	C:\Windows\SYSTEM32\SHCORE.dll
0x00007ffa018a0000 - 0x00007ffa018d6000 	C:\Windows\system32\IMM32.DLL
0x00007ffa00ff0000 - 0x00007ffa01142000 	C:\Windows\system32\MSCTF.dll
0x00007ff9fc520000 - 0x00007ff9fc79b000 	C:\Windows\WinSxS\amd64_microsoft.windows.common-controls_6595b64144ccf1df_6.0.9600.19394_none_62486577ecb635cf\COMCTL32.dll
0x00007e1100000000 - 0x00007e110006e000 	C:\cmder\vendor\conemu-maximus5\ConEmu\ConEmuHk64.dll
0x000000006a9d0000 - 0x000000006aaa2000 	C:\Program Files\Java\jdk1.8.0_181\jre\bin\msvcr100.dll
0x00000000692c0000 - 0x0000000069b62000 	C:\Program Files\Java\jdk1.8.0_181\jre\bin\server\jvm.dll
0x00007ff9f8150000 - 0x00007ff9f8159000 	C:\Windows\SYSTEM32\WSOCK32.dll
0x00007ff9f7f90000 - 0x00007ff9f7fb2000 	C:\Windows\SYSTEM32\WINMM.dll
0x00007ff9fb5f0000 - 0x00007ff9fb5fa000 	C:\Windows\SYSTEM32\VERSION.dll
0x0000000000e70000 - 0x0000000000e77000 	C:\Windows\system32\PSAPI.DLL
0x00007ffa01220000 - 0x00007ffa0127a000 	C:\Windows\system32\WS2_32.dll
0x00007ff9f7dd0000 - 0x00007ff9f7dfa000 	C:\Windows\SYSTEM32\WINMMBASE.dll
0x0000000000e80000 - 0x0000000000e89000 	C:\Windows\system32\NSI.dll
0x00007ffa004e0000 - 0x00007ffa0052f000 	C:\Windows\SYSTEM32\cfgmgr32.dll
0x00007ff9ff220000 - 0x00007ff9ff248000 	C:\Windows\SYSTEM32\DEVOBJ.dll
0x000000006a9c0000 - 0x000000006a9cf000 	C:\Program Files\Java\jdk1.8.0_181\jre\bin\verify.dll
0x000000006a990000 - 0x000000006a9b9000 	C:\Program Files\Java\jdk1.8.0_181\jre\bin\java.dll
0x000000006a970000 - 0x000000006a986000 	C:\Program Files\Java\jdk1.8.0_181\jre\bin\zip.dll
0x00007ff9f5d80000 - 0x00007ff9f5d8a000 	C:\maven-3.6.2\lib\jansi-native\windows64\jansi.dll
0x000000006a950000 - 0x000000006a96a000 	C:\Program Files\Java\jdk1.8.0_181\jre\bin\net.dll
0x00007ff9ffc40000 - 0x00007ff9ffc99000 	C:\Windows\system32\mswsock.dll
0x000000006a930000 - 0x000000006a941000 	C:\Program Files\Java\jdk1.8.0_181\jre\bin\nio.dll
0x00007ff9ffa40000 - 0x00007ff9ffae4000 	C:\Windows\SYSTEM32\DNSAPI.dll
0x00007ff9f8120000 - 0x00007ff9f812a000 	C:\Windows\System32\rasadhlp.dll
0x00007ff9f9ca0000 - 0x00007ff9f9d0b000 	C:\Windows\System32\fwpuclnt.dll
0x00007ff9ffca0000 - 0x00007ff9ffcc0000 	C:\Windows\SYSTEM32\CRYPTSP.dll
0x00007ff9ff8c0000 - 0x00007ff9ff8f6000 	C:\Windows\system32\rsaenh.dll
0x00007ff9ffef0000 - 0x00007ff9fff16000 	C:\Windows\SYSTEM32\bcrypt.dll
0x00007ffa00210000 - 0x00007ffa00273000 	C:\Windows\system32\bcryptprimitives.dll
0x00007ffa00280000 - 0x00007ffa0028b000 	C:\Windows\SYSTEM32\CRYPTBASE.dll
0x00007ff9fa5d0000 - 0x00007ff9fa5fa000 	C:\Windows\SYSTEM32\IPHLPAPI.DLL
0x00007ff9fa5c0000 - 0x00007ff9fa5ca000 	C:\Windows\SYSTEM32\WINNSI.DLL
0x00007ff9fa070000 - 0x00007ff9fa086000 	C:\Windows\SYSTEM32\dhcpcsvc6.DLL
0x00007ff9fa050000 - 0x00007ff9fa06a000 	C:\Windows\SYSTEM32\dhcpcsvc.DLL

VM Arguments:
jvm_args: -Dclassworlds.conf=C:\maven-3.6.2\bin\..\bin\m2.conf -Dmaven.home=C:\maven-3.6.2\bin\.. -Dlibrary.jansi.path=C:\maven-3.6.2\bin\..\lib\jansi-native -Dmaven.multiModuleProjectDirectory=C:\Projects\Jersey_App 
java_command: org.codehaus.plexus.classworlds.launcher.Launcher exec:java
java_class_path (initial): C:\maven-3.6.2\bin\..\boot\plexus-classworlds-2.6.0.jar
Launcher Type: SUN_STANDARD

Environment Variables:
JAVA_HOME=C:\Program Files\Java\jdk1.8.0_181
PATH=C:\cmder\bin;C:\cmder\vendor\bin;C:\cmder\vendor\conemu-maximus5\ConEmu\Scripts;C:\cmder\vendor\conemu-maximus5;C:\cmder\vendor\conemu-maximus5\ConEmu;C:\ProgramData\Oracle\Java\javapath;C:\RailsInstaller\Ruby2.3.3\bin;C:\Users\Ernane-PC\Downloads\rubyinstaller-2.5.0-1-x64\rubyinstaller-2.5.0-1-x64\bin;C:\Users\Ernane-PC\AppData\Local\Programs\Python\Python37-32\Scripts\;C:\Users\Ernane-PC\AppData\Local\Programs\Python\Python37-32\;C:\Program Files\Heroku\bin;C:\Users\Ernane-PC\AppData\Roaming\Composer\vendor\bin;C:\Users\Ernane-PC\AppData\Roaming\npm;C:;C:\WINDOWS;C:\WINDOWS\system32;C:\xampp\php;C:\composer;C:\Program Files\nodejs\;C:\Android\Sdk\platform-tools;C:\Android\Sdk\tools;C:\Program Files\Java\jdk1.8.0_181\bin;C:\ngrok\bin;C:\Program Files\DBeaver;C:\Program Files (x86)\Sublime Text 3;C:\maven-3.6.2\bin;C:\Users\Ernane-PC\AppData\Local\Programs\Microsoft VS Code\bin;C:\cmder\vendor\git-for-windows\cmd;C:\cmder\vendor\git-for-windows\mingw64\bin;C:\cmder\vendor\git-for-windows\usr\bin;C:\cmder
USERNAME=Ernane-PC
OS=Windows_NT
PROCESSOR_IDENTIFIER=Intel64 Family 6 Model 69 Stepping 1, GenuineIntel



---------------  S Y S T E M  ---------------

OS: Windows 8.1 , 64 bit Build 9600 (6.3.9600.19538)

CPU:total 4 (initial active 4) (2 cores per cpu, 2 threads per core) family 6 model 69 stepping 1, cmov, cx8, fxsr, mmx, sse, sse2, sse3, ssse3, sse4.1, sse4.2, popcnt, avx, avx2, aes, clmul, erms, lzcnt, ht, tsc, tscinvbit, bmi1, bmi2

Memory: 4k page, physical 4088172k(80372k free), swap 7874924k(3984k free)

vm_info: Java HotSpot(TM) 64-Bit Server VM (25.181-b13) for windows-amd64 JRE (1.8.0_181-b13), built on Jul  7 2018 04:01:33 by "java_re" with MS VC++ 10.0 (VS2010)

time: Tue Nov 19 22:11:46 2019
elapsed time: 113 seconds (0d 0h 1m 53s)

